<?xml version="1.0" encoding="UTF-8"?>
<!-- Generated by org.testng.reporters.JUnitReportReporter -->
<testsuite skipped="0" hostname="SIT-PC" name="com.qa.tests.LoginPageTest" tests="2" failures="0" timestamp="27 Jan 2020 13:45:50 GMT" time="57.298" errors="0">
  <testcase name="verifyLoginPageTitle" time="25.844" classname="com.qa.tests.LoginPageTest"/>
  <testcase name="loginTest" time="31.454" classname="com.qa.tests.LoginPageTest"/>
</testsuite> <!-- com.qa.tests.LoginPageTest -->
