<?xml version="1.0" encoding="UTF-8"?>
<!-- Generated by org.testng.reporters.JUnitReportReporter -->
<testsuite skipped="0" hostname="SIT-PC" name="com.qa.tests.ContactsPageTest" tests="3" failures="0" timestamp="27 Jan 2020 13:45:50 GMT" time="133.426" errors="0">
  <testcase name="createNewContact" time="44.368" classname="com.qa.tests.ContactsPageTest"/>
  <testcase name="createNewContact" time="46.766" classname="com.qa.tests.ContactsPageTest"/>
  <testcase name="createNewContact" time="42.292" classname="com.qa.tests.ContactsPageTest"/>
</testsuite> <!-- com.qa.tests.ContactsPageTest -->
